d:\221121_топильский вячеслав\4 семестр\курсовая программирование\(445)operations with matrices\operationswithmatrices\operationswithmatrices\x64\debug\vc143.pdb
d:\221121_топильский вячеслав\4 семестр\курсовая программирование\(445)operations with matrices\operationswithmatrices\operationswithmatrices\x64\debug\.netframework,version=v4.8.assemblyattributes.obj
d:\221121_топильский вячеслав\4 семестр\курсовая программирование\(445)operations with matrices\operationswithmatrices\operationswithmatrices\x64\debug\utilities.obj
d:\221121_топильский вячеслав\4 семестр\курсовая программирование\(445)operations with matrices\operationswithmatrices\operationswithmatrices\x64\debug\matrix.obj
d:\221121_топильский вячеслав\4 семестр\курсовая программирование\(445)operations with matrices\operationswithmatrices\operationswithmatrices\x64\debug\fmainform.obj
d:\221121_топильский вячеслав\4 семестр\курсовая программирование\(445)operations with matrices\operationswithmatrices\x64\debug\operationswithmatrices.exe
d:\221121_топильский вячеслав\4 семестр\курсовая программирование\(445)operations with matrices\operationswithmatrices\x64\debug\operationswithmatrices.pdb
d:\221121_топильский вячеслав\4 семестр\курсовая программирование\(445)operations with matrices\operationswithmatrices\operationswithmatrices\x64\debug\operatio.c266142f.tlog\metagen.write.1.tlog
d:\221121_топильский вячеслав\4 семестр\курсовая программирование\(445)operations with matrices\operationswithmatrices\operationswithmatrices\x64\debug\operatio.c266142f.tlog\cl.command.1.tlog
d:\221121_топильский вячеслав\4 семестр\курсовая программирование\(445)operations with matrices\operationswithmatrices\operationswithmatrices\x64\debug\operatio.c266142f.tlog\cl.read.1.tlog
d:\221121_топильский вячеслав\4 семестр\курсовая программирование\(445)operations with matrices\operationswithmatrices\operationswithmatrices\x64\debug\operatio.c266142f.tlog\cl.write.1.tlog
d:\221121_топильский вячеслав\4 семестр\курсовая программирование\(445)operations with matrices\operationswithmatrices\operationswithmatrices\x64\debug\operatio.c266142f.tlog\metagen.read.1.tlog
d:\221121_топильский вячеслав\4 семестр\курсовая программирование\(445)operations with matrices\operationswithmatrices\operationswithmatrices\x64\debug\operatio.c266142f.tlog\resgen.command.1.tlog
d:\221121_топильский вячеслав\4 семестр\курсовая программирование\(445)operations with matrices\operationswithmatrices\operationswithmatrices\x64\debug\operatio.c266142f.tlog\resgen.read.1.tlog
d:\221121_топильский вячеслав\4 семестр\курсовая программирование\(445)operations with matrices\operationswithmatrices\operationswithmatrices\x64\debug\operatio.c266142f.tlog\resgen.write.1.tlog
d:\221121_топильский вячеслав\4 семестр\курсовая программирование\(445)operations with matrices\operationswithmatrices\operationswithmatrices\x64\debug\operatio.c266142f.tlog\link.read.2.tlog
d:\221121_топильский вячеслав\4 семестр\курсовая программирование\(445)operations with matrices\operationswithmatrices\operationswithmatrices\x64\debug\operatio.c266142f.tlog\link.write.1.tlog
d:\221121_топильский вячеслав\4 семестр\курсовая программирование\(445)operations with matrices\operationswithmatrices\operationswithmatrices\x64\debug\operatio.c266142f.tlog\link.secondary.1.tlog
d:\221121_топильский вячеслав\4 семестр\курсовая программирование\(445)operations with matrices\operationswithmatrices\operationswithmatrices\x64\debug\operatio.c266142f.tlog\link.command.1.tlog
d:\221121_топильский вячеслав\4 семестр\курсовая программирование\(445)operations with matrices\operationswithmatrices\operationswithmatrices\x64\debug\operatio.c266142f.tlog\cl.items.tlog
d:\221121_топильский вячеслав\4 семестр\курсовая программирование\(445)operations with matrices\operationswithmatrices\operationswithmatrices\x64\debug\operatio.c266142f.tlog\link.44376-rc.read.1.tlog
d:\221121_топильский вячеслав\4 семестр\курсовая программирование\(445)operations with matrices\operationswithmatrices\operationswithmatrices\x64\debug\operatio.c266142f.tlog\link.44376-rc.write.1.tlog
d:\221121_топильский вячеслав\4 семестр\курсовая программирование\(445)operations with matrices\operationswithmatrices\operationswithmatrices\x64\debug\operatio.c266142f.tlog\link.44376-cvtres.read.1.tlog
d:\221121_топильский вячеслав\4 семестр\курсовая программирование\(445)operations with matrices\operationswithmatrices\operationswithmatrices\x64\debug\operatio.c266142f.tlog\link.44376-cvtres.write.1.tlog
d:\221121_топильский вячеслав\4 семестр\курсовая программирование\(445)operations with matrices\operationswithmatrices\operationswithmatrices\x64\debug\operatio.c266142f.tlog\link.44376.read.2.tlog
d:\221121_топильский вячеслав\4 семестр\курсовая программирование\(445)operations with matrices\operationswithmatrices\operationswithmatrices\x64\debug\operatio.c266142f.tlog\link.44376.read.1.tlog
d:\221121_топильский вячеслав\4 семестр\курсовая программирование\(445)operations with matrices\operationswithmatrices\operationswithmatrices\x64\debug\operatio.c266142f.tlog\link.44376.write.1.tlog
d:\221121_топильский вячеслав\4 семестр\курсовая программирование\(445)operations with matrices\operationswithmatrices\operationswithmatrices\x64\debug\operatio.c266142f.tlog\link.read.1.tlog
d:\221121_топильский вячеслав\4 семестр\курсовая программирование\(445)operations with matrices\operationswithmatrices\operationswithmatrices\x64\debug\operatio.c266142f.tlog\link.read.3.tlog
d:\221121_топильский вячеслав\4 семестр\курсовая программирование\(445)operations with matrices\operationswithmatrices\operationswithmatrices\x64\debug\operatio.c266142f.tlog\link.43924-rc.read.1.tlog
d:\221121_топильский вячеслав\4 семестр\курсовая программирование\(445)operations with matrices\operationswithmatrices\operationswithmatrices\x64\debug\operatio.c266142f.tlog\link.43924-rc.write.1.tlog
d:\221121_топильский вячеслав\4 семестр\курсовая программирование\(445)operations with matrices\operationswithmatrices\operationswithmatrices\x64\debug\operatio.c266142f.tlog\link.43924-cvtres.read.1.tlog
d:\221121_топильский вячеслав\4 семестр\курсовая программирование\(445)operations with matrices\operationswithmatrices\operationswithmatrices\x64\debug\operatio.c266142f.tlog\link.43924-cvtres.write.1.tlog
d:\221121_топильский вячеслав\4 семестр\курсовая программирование\(445)operations with matrices\operationswithmatrices\operationswithmatrices\x64\debug\operatio.c266142f.tlog\link.43924.read.2.tlog
d:\221121_топильский вячеслав\4 семестр\курсовая программирование\(445)operations with matrices\operationswithmatrices\operationswithmatrices\x64\debug\operatio.c266142f.tlog\link.43924.read.1.tlog
d:\221121_топильский вячеслав\4 семестр\курсовая программирование\(445)operations with matrices\operationswithmatrices\operationswithmatrices\x64\debug\operatio.c266142f.tlog\link.43924.write.1.tlog
